<?xml version="1.0" encoding="UTF-8"?>
<testng-results ignored="0" total="2" passed="2" failed="0" skipped="0">
  <reporter-output>
  </reporter-output>
  <suite started-at="2024-03-05T17:51:18 IST" name="Default suite" finished-at="2024-03-05T17:53:23 IST" duration-ms="124414">
    <groups>
      <group name="cucumber">
        <method signature="AbstractTestNGCucumberTests.runScenario(io.cucumber.testng.PickleWrapper,io.cucumber.testng.FeatureWrapper)[pri:0, instance:testRunner.TestngTestRunner@117e949d]" name="runScenario" class="io.cucumber.testng.AbstractTestNGCucumberTests"/>
      </group> <!-- cucumber -->
    </groups>
    <test started-at="2024-03-05T17:51:18 IST" name="Default test" finished-at="2024-03-05T17:53:23 IST" duration-ms="124414">
      <class name="testRunner.TestngTestRunner">
        <test-method is-config="true" signature="setUpClass(org.testng.ITestContext)[pri:0, instance:testRunner.TestngTestRunner@117e949d]" started-at="2024-03-05T17:51:18 IST" name="setUpClass" finished-at="2024-03-05T17:51:19 IST" duration-ms="760" status="PASS">
          <params>
            <param index="0">
              <value>
                <![CDATA[org.testng.TestRunner@6e321d9d]]>
              </value>
            </param>
          </params>
          <reporter-output>
          </reporter-output>
        </test-method> <!-- setUpClass -->
        <test-method signature="runScenario(io.cucumber.testng.PickleWrapper,io.cucumber.testng.FeatureWrapper)[pri:0, instance:testRunner.TestngTestRunner@117e949d]" started-at="2024-03-05T17:51:19 IST" name="runScenario" description="Runs Cucumber Scenarios" data-provider="scenarios" finished-at="2024-03-05T17:51:54 IST" duration-ms="34329" status="PASS">
          <params>
            <param index="0">
              <value>
                <![CDATA["creating claim by entering valid details"]]>
              </value>
            </param>
            <param index="1">
              <value>
                <![CDATA["Submit Claims"]]>
              </value>
            </param>
          </params>
          <reporter-output>
          </reporter-output>
        </test-method> <!-- runScenario -->
        <test-method signature="runScenario(io.cucumber.testng.PickleWrapper,io.cucumber.testng.FeatureWrapper)[pri:0, instance:testRunner.TestngTestRunner@117e949d]" started-at="2024-03-05T17:51:54 IST" name="runScenario" description="Runs Cucumber Scenarios" data-provider="scenarios" finished-at="2024-03-05T17:53:22 IST" duration-ms="88751" status="PASS">
          <params>
            <param index="0">
              <value>
                <![CDATA["submitting claim by adding expences"]]>
              </value>
            </param>
            <param index="1">
              <value>
                <![CDATA["Submit Claims"]]>
              </value>
            </param>
          </params>
          <reporter-output>
          </reporter-output>
        </test-method> <!-- runScenario -->
        <test-method is-config="true" signature="tearDownClass()[pri:0, instance:testRunner.TestngTestRunner@117e949d]" started-at="2024-03-05T17:53:22 IST" name="tearDownClass" finished-at="2024-03-05T17:53:23 IST" duration-ms="517" status="PASS">
          <reporter-output>
          </reporter-output>
        </test-method> <!-- tearDownClass -->
      </class> <!-- testRunner.TestngTestRunner -->
    </test> <!-- Default test -->
  </suite> <!-- Default suite -->
</testng-results>
